<?xml version="1.0" encoding="UTF-8"?>
<!-- Generated by org.testng.reporters.JUnitReportReporter -->
<testsuite hostname="pg-gu" name="com.appestudante.junit.estudantesinfo.primeiroTest" tests="4" failures="0" timestamp="8 Mar 2018 05:01:55 GMT" time="17.543" errors="2">
  <testcase name="thisIsAPendingTest" time="0.000" classname="com.appestudante.junit.estudantesinfo.primeiroTest"/>
  <testcase name="thisIsaFailingTest" time="16.892" classname="com.appestudante.junit.estudantesinfo.primeiroTest"/>
  <testcase name="thisIsASkipTest" time="0.000" classname="com.appestudante.junit.estudantesinfo.primeiroTest"/>
  <testcase name="getTodosEstudantes" time="0.651" classname="com.appestudante.junit.estudantesinfo.primeiroTest"/>
</testsuite> <!-- com.appestudante.junit.estudantesinfo.primeiroTest -->
