<?xml version="1.0" encoding="UTF-8"?>
<!-- Generated by org.testng.reporters.JUnitReportReporter -->
<testsuite hostname="pg-gu" name="com.appestudante.junit.estudantesinfo.primeiroTest" tests="4" failures="0" timestamp="7 Mar 2018 05:08:00 GMT" time="13.909" errors="2">
  <testcase name="getTodosEstudantes" time="0.833" classname="com.appestudante.junit.estudantesinfo.primeiroTest"/>
  <testcase name="thisIsaFailingTest" time="13.076" classname="com.appestudante.junit.estudantesinfo.primeiroTest"/>
  <testcase name="thisIsAPendingTest" time="0.000" classname="com.appestudante.junit.estudantesinfo.primeiroTest"/>
  <testcase name="thisIsASkipTest" time="0.000" classname="com.appestudante.junit.estudantesinfo.primeiroTest"/>
</testsuite> <!-- com.appestudante.junit.estudantesinfo.primeiroTest -->
